<?xml version="1.0" encoding="UTF-8"?>
<!-- Generated by org.testng.reporters.JUnitReportReporter -->
<testsuite hostname="DESKTOP-BCO7KA2" failures="0" tests="5" name="mthods.rest.api.GetMethod" time="10.446" errors="0" timestamp="2023-02-03T00:55:39 IST" skipped="0">
  <testcase classname="mthods.rest.api.GetMethod" name="getRequest4" time="1.286"/>
  <system-out/>
  <testcase classname="mthods.rest.api.GetMethod" name="getRequest3" time="5.598"/>
  <system-out/>
  <testcase classname="mthods.rest.api.GetMethod" name="getRequest2" time="1.154"/>
  <system-out/>
  <testcase classname="mthods.rest.api.GetMethod" name="getRequest1" time="1.255"/>
  <system-out/>
  <testcase classname="mthods.rest.api.GetMethod" name="getRequest1" time="1.153"/>
  <system-out/>
</testsuite> <!-- mthods.rest.api.GetMethod -->
