<?xml version="1.0" encoding="UTF-8"?>
<!-- Generated by org.testng.reporters.JUnitReportReporter -->
<testsuite hostname="DESKTOP-BCO7KA2" failures="0" tests="1" name="mthods.rest.api.DeleteMethod" time="5.321" errors="0" timestamp="2023-02-03T01:04:18 IST" skipped="0">
  <testcase classname="mthods.rest.api.DeleteMethod" name="deleteRequest" time="5.321"/>
  <system-out/>
</testsuite> <!-- mthods.rest.api.DeleteMethod -->
